<?xml version="1.0" encoding="UTF-8"?>
<!-- Generated by org.testng.reporters.JUnitReportReporter -->
<testsuite name="Room5SanityTest" tests="1" time="8.722" ignored="5" failures="0" timestamp="09 Sep 2018 18:40:26 GMT" skipped="0" hostname="186590d67ca9.ant.amazon.com" errors="0">
  <testcase name="cookieContentTest" time="8.722" classname="Room5SanityTest"/>
  <testcase name="fillContactFormTest" classname="Room5SanityTest">
    <skipped/>
  </testcase> <!-- fillContactFormTest -->
  <testcase name="searchLocationTest" classname="Room5SanityTest">
    <skipped/>
  </testcase> <!-- searchLocationTest -->
  <testcase name="changeCountryNavigationTest" classname="Room5SanityTest">
    <skipped/>
  </testcase> <!-- changeCountryNavigationTest -->
  <testcase name="navigateToDestinationTest" classname="Room5SanityTest">
    <skipped/>
  </testcase> <!-- navigateToDestinationTest -->
  <testcase name="subsribeToNewsletterTest" classname="Room5SanityTest">
    <skipped/>
  </testcase> <!-- subsribeToNewsletterTest -->
</testsuite> <!-- Room5SanityTest -->
